<?xml version="1.0" encoding="UTF-8"?>
<testng-results ignored="0" total="6" passed="5" failed="1" skipped="0">
  <reporter-output>
  </reporter-output>
  <suite started-at="2021-03-12T21:54:53 IST" name="Surefire suite" finished-at="2021-03-12T21:55:58 IST" duration-ms="65090">
    <groups>
    </groups>
    <test started-at="2021-03-12T21:54:53 IST" name="Surefire test" finished-at="2021-03-12T21:55:58 IST" duration-ms="65090">
      <class name="Test_Suite.Test_Ixigo.URL_LaunchTest">
        <test-method signature="setup()[pri:1, instance:Test_Suite.Test_Ixigo.URL_LaunchTest@3bd94634]" started-at="2021-03-12T21:54:53 IST" name="setup" finished-at="2021-03-12T21:55:23 IST" duration-ms="29942" status="PASS">
          <reporter-output>
          </reporter-output>
        </test-method> <!-- setup -->
        <test-method signature="verifyPageTest()[pri:2, instance:Test_Suite.Test_Ixigo.URL_LaunchTest@3bd94634]" started-at="2021-03-12T21:55:23 IST" name="verifyPageTest" finished-at="2021-03-12T21:55:23 IST" duration-ms="75" status="PASS">
          <reporter-output>
          </reporter-output>
        </test-method> <!-- verifyPageTest -->
        <test-method signature="journeyDetailTest()[pri:3, instance:Test_Suite.Test_Ixigo.URL_LaunchTest@3bd94634]" started-at="2021-03-12T21:55:23 IST" name="journeyDetailTest" finished-at="2021-03-12T21:55:37 IST" duration-ms="13430" status="PASS">
          <reporter-output>
          </reporter-output>
        </test-method> <!-- journeyDetailTest -->
        <test-method signature="flightSearchTest()[pri:4, instance:Test_Suite.Test_Ixigo.URL_LaunchTest@3bd94634]" started-at="2021-03-12T21:55:37 IST" name="flightSearchTest" finished-at="2021-03-12T21:55:37 IST" duration-ms="81" status="FAIL">
          <exception class="java.lang.AssertionError">
            <message>
              <![CDATA[expected [New Delhi - Bengaluru, Economy Flights, roundtrip, 25 Mar - 29 Mar] but found [ixigo - Flights, IRCTC Train Booking, Bus Booking, Air Tickets & Hotels]]]>
            </message>
            <full-stacktrace>
              <![CDATA[java.lang.AssertionError: expected [New Delhi - Bengaluru, Economy Flights, roundtrip, 25 Mar - 29 Mar] but found [ixigo - Flights, IRCTC Train Booking, Bus Booking, Air Tickets & Hotels]
at org.testng.Assert.fail(Assert.java:99)
at org.testng.Assert.failNotEquals(Assert.java:1037)
at org.testng.Assert.assertEqualsImpl(Assert.java:140)
at org.testng.Assert.assertEquals(Assert.java:122)
at org.testng.Assert.assertEquals(Assert.java:629)
at org.testng.Assert.assertEquals(Assert.java:639)
at Test_Suite.Test_Ixigo.URL_LaunchTest.flightSearchTest(URL_LaunchTest.java:65)
at java.base/jdk.internal.reflect.NativeMethodAccessorImpl.invoke0(Native Method)
at java.base/jdk.internal.reflect.NativeMethodAccessorImpl.invoke(NativeMethodAccessorImpl.java:62)
at java.base/jdk.internal.reflect.DelegatingMethodAccessorImpl.invoke(DelegatingMethodAccessorImpl.java:43)
at java.base/java.lang.reflect.Method.invoke(Method.java:567)
at org.testng.internal.MethodInvocationHelper.invokeMethod(MethodInvocationHelper.java:133)
at org.testng.internal.TestInvoker.invokeMethod(TestInvoker.java:598)
at org.testng.internal.TestInvoker.invokeTestMethod(TestInvoker.java:173)
at org.testng.internal.MethodRunner.runInSequence(MethodRunner.java:46)
at org.testng.internal.TestInvoker$MethodInvocationAgent.invoke(TestInvoker.java:824)
at org.testng.internal.TestInvoker.invokeTestMethods(TestInvoker.java:146)
at org.testng.internal.TestMethodWorker.invokeTestMethods(TestMethodWorker.java:146)
at org.testng.internal.TestMethodWorker.run(TestMethodWorker.java:128)
at java.base/java.util.ArrayList.forEach(ArrayList.java:1540)
at org.testng.TestRunner.privateRun(TestRunner.java:794)
at org.testng.TestRunner.run(TestRunner.java:596)
at org.testng.SuiteRunner.runTest(SuiteRunner.java:377)
at org.testng.SuiteRunner.runSequentially(SuiteRunner.java:371)
at org.testng.SuiteRunner.privateRun(SuiteRunner.java:332)
at org.testng.SuiteRunner.run(SuiteRunner.java:276)
at org.testng.SuiteRunnerWorker.runSuite(SuiteRunnerWorker.java:53)
at org.testng.SuiteRunnerWorker.run(SuiteRunnerWorker.java:96)
at org.testng.TestNG.runSuitesSequentially(TestNG.java:1212)
at org.testng.TestNG.runSuitesLocally(TestNG.java:1134)
at org.testng.TestNG.runSuites(TestNG.java:1063)
at org.testng.TestNG.run(TestNG.java:1031)
at org.apache.maven.surefire.testng.TestNGExecutor.run(TestNGExecutor.java:135)
at org.apache.maven.surefire.testng.TestNGDirectoryTestSuite.executeMulti(TestNGDirectoryTestSuite.java:193)
at org.apache.maven.surefire.testng.TestNGDirectoryTestSuite.execute(TestNGDirectoryTestSuite.java:94)
at org.apache.maven.surefire.testng.TestNGProvider.invoke(TestNGProvider.java:146)
at org.apache.maven.surefire.booter.ForkedBooter.invokeProviderInSameClassLoader(ForkedBooter.java:384)
at org.apache.maven.surefire.booter.ForkedBooter.runSuitesInProcess(ForkedBooter.java:345)
at org.apache.maven.surefire.booter.ForkedBooter.execute(ForkedBooter.java:126)
at org.apache.maven.surefire.booter.ForkedBooter.main(ForkedBooter.java:418)
]]>
            </full-stacktrace>
          </exception> <!-- java.lang.AssertionError -->
          <reporter-output>
          </reporter-output>
        </test-method> <!-- flightSearchTest -->
        <test-method signature="validateDetailsTest()[pri:5, instance:Test_Suite.Test_Ixigo.URL_LaunchTest@3bd94634]" started-at="2021-03-12T21:55:37 IST" name="validateDetailsTest" finished-at="2021-03-12T21:55:58 IST" duration-ms="21228" status="PASS">
          <reporter-output>
          </reporter-output>
        </test-method> <!-- validateDetailsTest -->
      </class> <!-- Test_Suite.Test_Ixigo.URL_LaunchTest -->
      <class name="Test_Suite.Test_Ixigo.AppTest">
        <test-method signature="shouldAnswerWithTrue()[pri:0, instance:Test_Suite.Test_Ixigo.AppTest@51b279c9]" started-at="2021-03-12T21:54:53 IST" name="shouldAnswerWithTrue" finished-at="2021-03-12T21:54:53 IST" duration-ms="4" status="PASS">
          <reporter-output>
          </reporter-output>
        </test-method> <!-- shouldAnswerWithTrue -->
      </class> <!-- Test_Suite.Test_Ixigo.AppTest -->
    </test> <!-- Surefire test -->
  </suite> <!-- Surefire suite -->
</testng-results>
